<?xml version="1.0" encoding="UTF-8"?>
<!-- Generated by org.testng.reporters.JUnitXMLReporter -->
<testsuite hostname="DESKTOP-1D1I1GT" ignored="0" name="Dev Environment" tests="3" failures="0" timestamp="2022-05-14T14:21:02 IST" time="0.082" errors="0">
  <testcase name="creatAccuount" time="0.009" classname="org.testng2.AccountManager2"/>
  <testcase name="deleteAccuount" time="0.001" classname="org.testng2.AccountManager2"/>
  <testcase name="updateAccuount" time="0.001" classname="org.testng2.AccountManager2"/>
</testsuite> <!-- Dev Environment -->
