<?xml version="1.0" encoding="UTF-8"?>
<!-- Generated by org.testng.reporters.JUnitXMLReporter -->
<testsuite hostname="DESKTOP-1D1I1GT" ignored="0" name="QA Environment" tests="3" failures="0" timestamp="2022-05-14T14:21:02 IST" time="0.023" errors="0">
  <testcase name="creatcostomer" time="0.003" classname="org.testng2.Costomermanager2"/>
  <testcase name="deletecostomer" time="0.004" classname="org.testng2.Costomermanager2"/>
  <testcase name="updatecostomer" time="0.003" classname="org.testng2.Costomermanager2"/>
</testsuite> <!-- QA Environment -->
