<?xml version="1.0" encoding="UTF-8"?>
<!-- Generated by org.testng.reporters.JUnitXMLReporter -->
<testsuite hostname="DESKTOP-1D1I1GT" ignored="0" name="Regression-Dev Environment" tests="3" failures="0" timestamp="2022-05-18T09:43:31 IST" time="0.079" errors="0">
  <testcase name="creatAccuount" time="0.008" classname="org.testng2.AccountManager2"/>
  <testcase name="deleteAccuount" time="0.002" classname="org.testng2.AccountManager2"/>
  <testcase name="updateAccuount" time="0.002" classname="org.testng2.AccountManager2"/>
</testsuite> <!-- Regression-Dev Environment -->
