<?xml version="1.0" encoding="UTF-8"?>
<!-- Generated by org.testng.reporters.JUnitXMLReporter -->
<testsuite hostname="DESKTOP-1D1I1GT" ignored="0" name="Regression-QA Environment" tests="3" failures="0" timestamp="2022-05-18T09:43:31 IST" time="0.016" errors="0">
  <testcase name="creatcostomer" time="0.002" classname="org.testng2.Costomermanager2"/>
  <testcase name="deletecostomer" time="0.002" classname="org.testng2.Costomermanager2"/>
  <testcase name="updatecostomer" time="0.001" classname="org.testng2.Costomermanager2"/>
</testsuite> <!-- Regression-QA Environment -->
