<?xml version="1.0" encoding="UTF-8"?>
<!-- Generated by org.testng.reporters.JUnitXMLReporter -->
<testsuite hostname="DESKTOP-1D1I1GT" ignored="4" name="Test" tests="4" failures="0" timestamp="2022-05-24T11:25:40 IST" time="0.155" errors="0">
  <testcase name="test1" time="0.023" classname="org.testngEx3.GroupingEx"/>
  <testcase name="test2" time="0.01" classname="org.testngEx3.GroupingEx"/>
  <testcase name="test3" time="0.006" classname="org.testngEx3.GroupingEx"/>
  <testcase name="test6" time="0.004" classname="org.testngEx3.GroupingEx"/>
  <testcase name="test8" time="0.0" classname="org.testngEx3.GroupingEx">
    <ignored/>
  </testcase> <!-- test8 -->
  <testcase name="test7" time="0.0" classname="org.testngEx3.GroupingEx">
    <ignored/>
  </testcase> <!-- test7 -->
  <testcase name="test4" time="0.0" classname="org.testngEx3.GroupingEx">
    <ignored/>
  </testcase> <!-- test4 -->
  <testcase name="test5" time="0.0" classname="org.testngEx3.GroupingEx">
    <ignored/>
  </testcase> <!-- test5 -->
</testsuite> <!-- Test -->
