<?xml version="1.0" encoding="UTF-8"?>
<testng-results skipped="0" failed="0" ignored="4" total="8" passed="4">
  <reporter-output>
  </reporter-output>
  <suite name="Suite" duration-ms="155" started-at="2022-05-24T11:25:39 IST" finished-at="2022-05-24T11:25:39 IST">
    <groups>
      <group name="regression">
        <method signature="GroupingEx.test1()[pri:0, instance:org.testngEx3.GroupingEx@10a035a0]" name="test1" class="org.testngEx3.GroupingEx"/>
        <method signature="GroupingEx.test2()[pri:0, instance:org.testngEx3.GroupingEx@10a035a0]" name="test2" class="org.testngEx3.GroupingEx"/>
      </group> <!-- regression -->
      <group name="smoke">
        <method signature="GroupingEx.test1()[pri:0, instance:org.testngEx3.GroupingEx@10a035a0]" name="test1" class="org.testngEx3.GroupingEx"/>
        <method signature="GroupingEx.test2()[pri:0, instance:org.testngEx3.GroupingEx@10a035a0]" name="test2" class="org.testngEx3.GroupingEx"/>
        <method signature="GroupingEx.test3()[pri:0, instance:org.testngEx3.GroupingEx@10a035a0]" name="test3" class="org.testngEx3.GroupingEx"/>
        <method signature="GroupingEx.test6()[pri:0, instance:org.testngEx3.GroupingEx@10a035a0]" name="test6" class="org.testngEx3.GroupingEx"/>
      </group> <!-- smoke -->
      <group name="UAT">
        <method signature="GroupingEx.test1()[pri:0, instance:org.testngEx3.GroupingEx@10a035a0]" name="test1" class="org.testngEx3.GroupingEx"/>
        <method signature="GroupingEx.test3()[pri:0, instance:org.testngEx3.GroupingEx@10a035a0]" name="test3" class="org.testngEx3.GroupingEx"/>
      </group> <!-- UAT -->
    </groups>
    <test name="Test" duration-ms="155" started-at="2022-05-24T11:25:39 IST" finished-at="2022-05-24T11:25:39 IST">
      <class name="org.testngEx3.GroupingEx">
        <test-method status="PASS" signature="test1()[pri:0, instance:org.testngEx3.GroupingEx@10a035a0]" name="test1" duration-ms="23" started-at="2022-05-24T11:25:39 IST" finished-at="2022-05-24T11:25:39 IST">
          <reporter-output>
          </reporter-output>
        </test-method> <!-- test1 -->
        <test-method status="PASS" signature="test2()[pri:0, instance:org.testngEx3.GroupingEx@10a035a0]" name="test2" duration-ms="10" started-at="2022-05-24T11:25:39 IST" finished-at="2022-05-24T11:25:39 IST">
          <reporter-output>
          </reporter-output>
        </test-method> <!-- test2 -->
        <test-method status="PASS" signature="test3()[pri:0, instance:org.testngEx3.GroupingEx@10a035a0]" name="test3" duration-ms="6" started-at="2022-05-24T11:25:39 IST" finished-at="2022-05-24T11:25:39 IST">
          <reporter-output>
          </reporter-output>
        </test-method> <!-- test3 -->
        <test-method status="PASS" signature="test6()[pri:0, instance:org.testngEx3.GroupingEx@10a035a0]" name="test6" duration-ms="4" started-at="2022-05-24T11:25:39 IST" finished-at="2022-05-24T11:25:39 IST">
          <reporter-output>
          </reporter-output>
        </test-method> <!-- test6 -->
      </class> <!-- org.testngEx3.GroupingEx -->
    </test> <!-- Test -->
  </suite> <!-- Suite -->
</testng-results>
